Build started 8/28/2013 12:54:29 PM.
     1>Project "C:\Users\mtd_sosowski\Documents\GitHub\CatGame\CatGame\CatGame.vcxproj" on node 2 (build target(s)).
     1>InitializeBuildStatus:
         Creating "Debug\CatGame.unsuccessfulbuild" because "AlwaysCreate" was specified.
       ClCompile:
         All outputs are up-to-date.
       Link:
         All outputs are up-to-date.
         C:\Program Files (x86)\Microsoft Visual Studio 10.0\VC\bin\link.exe /ERRORREPORT:PROMPT /OUT:"C:\Users\mtd_sosowski\Documents\GitHub\CatGame\Debug\CatGame.exe" /NOLOGO SDL2.lib SDL2main.lib SDL2_image.lib SDL2_ttf.lib SDL2_mixer.lib kernel32.lib user32.lib gdi32.lib winspool.lib comdlg32.lib advapi32.lib shell32.lib ole32.lib oleaut32.lib uuid.lib odbc32.lib odbccp32.lib /MANIFEST /ManifestFile:"Debug\CatGame.exe.intermediate.manifest" /MANIFESTUAC:"level='asInvoker' uiAccess='false'" /DEBUG /PDB:"C:\Users\mtd_sosowski\Documents\GitHub\CatGame\Debug\CatGame.pdb" /SUBSYSTEM:WINDOWS /TLBID:1 /DYNAMICBASE /NXCOMPAT /IMPLIB:"C:\Users\mtd_sosowski\Documents\GitHub\CatGame\Debug\CatGame.lib" /MACHINE:X86 Debug\FunctionLib.obj
         Debug\Jack.obj
         Debug\main.obj
         Debug\Platform.obj
         Debug\Projectile.obj
         Debug\StartMenu.obj
         Debug\Timer.obj
         Debug\Window.obj
         LINK : C:\Users\mtd_sosowski\Documents\GitHub\CatGame\Debug\CatGame.exe not found or not built by the last incremental link; performing full link
     1>main.obj : error LNK2019: unresolved external symbol _SDL_DisplayFormatAlpha referenced in function "struct SDL_Surface * __cdecl load_image(class std::basic_string<char,struct std::char_traits<char>,class std::allocator<char> >)" (?load_image@@YAPAUSDL_Surface@@V?$basic_string@DU?$char_traits@D@std@@V?$allocator@D@2@@std@@@Z)
     1>main.obj : error LNK2019: unresolved external symbol _SDL_Flip referenced in function _SDL_main
     1>Window.obj : error LNK2001: unresolved external symbol _SDL_Flip
     1>main.obj : error LNK2019: unresolved external symbol _SDL_GetKeyState referenced in function _SDL_main
     1>Window.obj : error LNK2019: unresolved external symbol _SDL_WM_SetCaption referenced in function "public: __thiscall Window::Window(void)" (??0Window@@QAE@XZ)
     1>Window.obj : error LNK2019: unresolved external symbol _SDL_SetVideoMode referenced in function "public: __thiscall Window::Window(void)" (??0Window@@QAE@XZ)
     1>C:\Users\mtd_sosowski\Documents\GitHub\CatGame\Debug\CatGame.exe : fatal error LNK1120: 5 unresolved externals
     1>Done Building Project "C:\Users\mtd_sosowski\Documents\GitHub\CatGame\CatGame\CatGame.vcxproj" (build target(s)) -- FAILED.

Build FAILED.

Time Elapsed 00:00:00.22
